<?xml version="1.0" encoding="UTF-8"?>
<!-- Generated by org.testng.reporters.JUnitXMLReporter -->
<testsuite hostname="NGHXLAPTOP17" failures="0" tests="4" name="Default test" time="4.471" errors="0" timestamp="25 Feb 2022 16:25:40 GMT">
  <testcase classname="com.sddevops.DevOpsProject.NewTest_HX" name="AddProfile" time="2.5"/>
  <testcase classname="com.sddevops.DevOpsProject.NewTest_HX" name="checkProfile" time="0.125"/>
  <testcase classname="com.sddevops.DevOpsProject.NewTest_HX" name="deleteProfile" time="0.109"/>
  <testcase classname="com.sddevops.DevOpsProject.NewTest_HX" name="editProfile" time="0.601"/>
</testsuite> <!-- Default test -->
