<?xml version="1.0" encoding="UTF-8"?>
<testng-results total="4" passed="4" failed="0" skipped="0">
  <reporter-output>
  </reporter-output>
  <suite started-at="2022-02-25T09:10:49Z" name="Default suite" finished-at="2022-02-25T09:10:51Z" duration-ms="2484">
    <groups>
    </groups>
    <test started-at="2022-02-25T09:10:49Z" name="Default test" finished-at="2022-02-25T09:10:51Z" duration-ms="2484">
      <class name="com.sddevops.DevOpsProject.NewTest">
        <test-method is-config="true" signature="beforeTest()[pri:0, instance:com.sddevops.DevOpsProject.NewTest@6c0d7c83]" started-at="2022-02-25T17:10:49Z" name="beforeTest" finished-at="2022-02-25T17:10:50Z" duration-ms="1296" status="PASS">
          <reporter-output>
          </reporter-output>
        </test-method> <!-- beforeTest -->
        <test-method signature="Delete()[pri:0, instance:com.sddevops.DevOpsProject.NewTest@6c0d7c83]" started-at="2022-02-25T17:10:50Z" name="Delete" finished-at="2022-02-25T17:10:50Z" duration-ms="190" status="PASS">
          <reporter-output>
          </reporter-output>
        </test-method> <!-- Delete -->
        <test-method signature="Edit()[pri:0, instance:com.sddevops.DevOpsProject.NewTest@6c0d7c83]" started-at="2022-02-25T17:10:50Z" name="Edit" finished-at="2022-02-25T17:10:50Z" duration-ms="412" status="PASS">
          <reporter-output>
          </reporter-output>
        </test-method> <!-- Edit -->
        <test-method signature="Registration()[pri:0, instance:com.sddevops.DevOpsProject.NewTest@6c0d7c83]" started-at="2022-02-25T17:10:50Z" name="Registration" finished-at="2022-02-25T17:10:51Z" duration-ms="353" status="PASS">
          <reporter-output>
          </reporter-output>
        </test-method> <!-- Registration -->
        <test-method signature="checkTitle()[pri:0, instance:com.sddevops.DevOpsProject.NewTest@6c0d7c83]" started-at="2022-02-25T17:10:51Z" name="checkTitle" finished-at="2022-02-25T17:10:51Z" duration-ms="107" status="PASS">
          <reporter-output>
          </reporter-output>
        </test-method> <!-- checkTitle -->
        <test-method is-config="true" signature="afterTest()[pri:0, instance:com.sddevops.DevOpsProject.NewTest@6c0d7c83]" started-at="2022-02-25T17:10:51Z" name="afterTest" finished-at="2022-02-25T17:10:51Z" duration-ms="114" status="PASS">
          <reporter-output>
          </reporter-output>
        </test-method> <!-- afterTest -->
      </class> <!-- com.sddevops.DevOpsProject.NewTest -->
    </test> <!-- Default test -->
  </suite> <!-- Default suite -->
</testng-results>
