<?xml version="1.0" encoding="UTF-8"?>
<testng-results total="4" passed="4" failed="0" skipped="0">
  <reporter-output>
  </reporter-output>
  <suite started-at="2022-02-25T16:25:36Z" name="Default suite" finished-at="2022-02-25T16:25:40Z" duration-ms="4471">
    <groups>
    </groups>
    <test started-at="2022-02-25T16:25:36Z" name="Default test" finished-at="2022-02-25T16:25:40Z" duration-ms="4471">
      <class name="com.sddevops.DevOpsProject.NewTest_HX">
        <test-method is-config="true" signature="beforeTestProfile()[pri:0, instance:com.sddevops.DevOpsProject.NewTest_HX@7ceb3185]" started-at="2022-02-26T00:25:36Z" name="beforeTestProfile" finished-at="2022-02-26T00:25:37Z" duration-ms="1069" status="PASS">
          <reporter-output>
          </reporter-output>
        </test-method> <!-- beforeTestProfile -->
        <test-method signature="AddProfile()[pri:0, instance:com.sddevops.DevOpsProject.NewTest_HX@7ceb3185]" started-at="2022-02-26T00:25:37Z" name="AddProfile" finished-at="2022-02-26T00:25:39Z" duration-ms="2500" status="PASS">
          <reporter-output>
          </reporter-output>
        </test-method> <!-- AddProfile -->
        <test-method signature="checkProfile()[pri:0, instance:com.sddevops.DevOpsProject.NewTest_HX@7ceb3185]" started-at="2022-02-26T00:25:39Z" name="checkProfile" finished-at="2022-02-26T00:25:39Z" duration-ms="125" status="PASS">
          <reporter-output>
          </reporter-output>
        </test-method> <!-- checkProfile -->
        <test-method signature="deleteProfile()[pri:0, instance:com.sddevops.DevOpsProject.NewTest_HX@7ceb3185]" started-at="2022-02-26T00:25:39Z" name="deleteProfile" finished-at="2022-02-26T00:25:40Z" duration-ms="109" status="PASS">
          <reporter-output>
          </reporter-output>
        </test-method> <!-- deleteProfile -->
        <test-method signature="editProfile()[pri:0, instance:com.sddevops.DevOpsProject.NewTest_HX@7ceb3185]" started-at="2022-02-26T00:25:40Z" name="editProfile" finished-at="2022-02-26T00:25:40Z" duration-ms="601" status="PASS">
          <reporter-output>
          </reporter-output>
        </test-method> <!-- editProfile -->
        <test-method is-config="true" signature="afterTestProfile()[pri:0, instance:com.sddevops.DevOpsProject.NewTest_HX@7ceb3185]" started-at="2022-02-26T00:25:40Z" name="afterTestProfile" finished-at="2022-02-26T00:25:40Z" duration-ms="54" status="PASS">
          <reporter-output>
          </reporter-output>
        </test-method> <!-- afterTestProfile -->
      </class> <!-- com.sddevops.DevOpsProject.NewTest_HX -->
    </test> <!-- Default test -->
  </suite> <!-- Default suite -->
</testng-results>
